2014-08-07 12:00:46 Error: [PDOException] SQLSTATE[42000]: Syntax error or access violation: 1064 You have an error in your SQL syntax; check the manual that corresponds to your MySQL server version for the right syntax to use near 'AND superviser_id>0' at line 1
#0 E:\xampp\htdocs\2014\surveyor-low2\lib\Cake\Model\Datasource\DboSource.php(437): PDOStatement->execute(Array)
#1 E:\xampp\htdocs\2014\surveyor-low2\lib\Cake\Model\Datasource\DboSource.php(403): DboSource->_execute('SELECT DISTINCT...', Array)
#2 E:\xampp\htdocs\2014\surveyor-low2\lib\Cake\Model\Datasource\DboSource.php(647): DboSource->execute('SELECT DISTINCT...', Array, Array)
#3 E:\xampp\htdocs\2014\surveyor-low2\lib\Cake\Model\Datasource\DboSource.php(516): DboSource->fetchAll('SELECT DISTINCT...')
#4 E:\xampp\htdocs\2014\surveyor-low2\lib\Cake\Model\Model.php(3055): DboSource->query('SELECT DISTINCT...')
#5 E:\xampp\htdocs\2014\surveyor-low2\app\Model\Representative.php(119): Model->query(Array, Array)
#6 E:\xampp\htdocs\2014\surveyor-low2\app\Model\Representative.php(146): Representative->_get_superviser_ids('SELECT DISTINCT...')
#7 E:\xampp\htdocs\2014\surveyor-low2\app\Controller\RepresentativesController.php(35): Representative->repList_with_mobile('')
#8 [internal function]: RepresentativesController->ajax_superviser_list('', 'superviser')
#9 E:\xampp\htdocs\2014\surveyor-low2\lib\Cake\Controller\Controller.php(485): ReflectionMethod->invokeArgs()
#10 E:\xampp\htdocs\2014\surveyor-low2\lib\Cake\Routing\Dispatcher.php(103): Controller->invokeAction(Object(RepresentativesController), Array)
#11 E:\xampp\htdocs\2014\surveyor-low2\lib\Cake\Routing\Dispatcher.php(85): Dispatcher->_invoke(Object(CakeRequest))
#12 E:\xampp\htdocs\2014\surveyor-low2\app\webroot\index.php(92): Dispatcher->dispatch(Object(RepresentativesController), Object(CakeRequest), Object(CakeResponse))
#13 {main}
2014-08-07 12:10:26 Error: [PDOException] SQLSTATE[42000]: Syntax error or access violation: 1064 You have an error in your SQL syntax; check the manual that corresponds to your MySQL server version for the right syntax to use near 'AND superviser_id>0' at line 1
#0 E:\xampp\htdocs\2014\surveyor-low2\lib\Cake\Model\Datasource\DboSource.php(437): PDOStatement->execute(Array)
#1 E:\xampp\htdocs\2014\surveyor-low2\lib\Cake\Model\Datasource\DboSource.php(403): DboSource->_execute('SELECT DISTINCT...', Array)
#2 E:\xampp\htdocs\2014\surveyor-low2\lib\Cake\Model\Datasource\DboSource.php(647): DboSource->execute('SELECT DISTINCT...', Array, Array)
#3 E:\xampp\htdocs\2014\surveyor-low2\lib\Cake\Model\Datasource\DboSource.php(516): DboSource->fetchAll('SELECT DISTINCT...')
#4 E:\xampp\htdocs\2014\surveyor-low2\lib\Cake\Model\Model.php(3055): DboSource->query('SELECT DISTINCT...')
#5 E:\xampp\htdocs\2014\surveyor-low2\app\Model\Representative.php(119): Model->query(Array, Array)
#6 E:\xampp\htdocs\2014\surveyor-low2\app\Model\Representative.php(146): Representative->_get_superviser_ids('SELECT DISTINCT...')
#7 E:\xampp\htdocs\2014\surveyor-low2\app\Controller\RepresentativesController.php(35): Representative->repList_with_mobile('')
#8 [internal function]: RepresentativesController->ajax_superviser_list('', 'superviser')
#9 E:\xampp\htdocs\2014\surveyor-low2\lib\Cake\Controller\Controller.php(485): ReflectionMethod->invokeArgs()
#10 E:\xampp\htdocs\2014\surveyor-low2\lib\Cake\Routing\Dispatcher.php(103): Controller->invokeAction(Object(RepresentativesController), Array)
#11 E:\xampp\htdocs\2014\surveyor-low2\lib\Cake\Routing\Dispatcher.php(85): Dispatcher->_invoke(Object(CakeRequest))
#12 E:\xampp\htdocs\2014\surveyor-low2\app\webroot\index.php(92): Dispatcher->dispatch(Object(RepresentativesController), Object(CakeRequest), Object(CakeResponse))
#13 {main}
2014-08-07 13:06:05 Error: [PDOException] SQLSTATE[42000]: Syntax error or access violation: 1064 You have an error in your SQL syntax; check the manual that corresponds to your MySQL server version for the right syntax to use near 'AND superviser_id>0' at line 1
#0 E:\xampp\htdocs\2014\surveyor-low2\lib\Cake\Model\Datasource\DboSource.php(437): PDOStatement->execute(Array)
#1 E:\xampp\htdocs\2014\surveyor-low2\lib\Cake\Model\Datasource\DboSource.php(403): DboSource->_execute('SELECT DISTINCT...', Array)
#2 E:\xampp\htdocs\2014\surveyor-low2\lib\Cake\Model\Datasource\DboSource.php(647): DboSource->execute('SELECT DISTINCT...', Array, Array)
#3 E:\xampp\htdocs\2014\surveyor-low2\lib\Cake\Model\Datasource\DboSource.php(516): DboSource->fetchAll('SELECT DISTINCT...')
#4 E:\xampp\htdocs\2014\surveyor-low2\lib\Cake\Model\Model.php(3055): DboSource->query('SELECT DISTINCT...')
#5 E:\xampp\htdocs\2014\surveyor-low2\app\Model\Representative.php(119): Model->query(Array, Array)
#6 E:\xampp\htdocs\2014\surveyor-low2\app\Model\Representative.php(146): Representative->_get_superviser_ids('SELECT DISTINCT...')
#7 E:\xampp\htdocs\2014\surveyor-low2\app\Controller\RepresentativesController.php(35): Representative->repList_with_mobile('')
#8 [internal function]: RepresentativesController->ajax_superviser_list('', 'superviser')
#9 E:\xampp\htdocs\2014\surveyor-low2\lib\Cake\Controller\Controller.php(485): ReflectionMethod->invokeArgs()
#10 E:\xampp\htdocs\2014\surveyor-low2\lib\Cake\Routing\Dispatcher.php(103): Controller->invokeAction(Object(RepresentativesController), Array)
#11 E:\xampp\htdocs\2014\surveyor-low2\lib\Cake\Routing\Dispatcher.php(85): Dispatcher->_invoke(Object(CakeRequest))
#12 E:\xampp\htdocs\2014\surveyor-low2\app\webroot\index.php(92): Dispatcher->dispatch(Object(RepresentativesController), Object(CakeRequest), Object(CakeResponse))
#13 {main}
